
/dev/tty
/peng/library/drupal/10.2.4/scripts/init.sh
/proc/self/maps
/tmp/.ZendSem.0qrk5S

./php-apache2handler.ini
./php.ini

/etc/group
/etc/host.conf
/etc/hosts
/etc/ld.so.cache
/etc/localtime
/etc/mime.types
/etc/nsswitch.conf
/etc/passwd
/etc/resolv.conf

/etc/apache2/apache2.conf
/etc/apache2/conf-enabled
/etc/apache2/conf-enabled/charset.conf
/etc/apache2/conf-enabled/docker-php.conf
/etc/apache2/conf-enabled/localized-error-pages.conf
/etc/apache2/conf-enabled/other-vhosts-access-log.conf
/etc/apache2/conf-enabled/security.conf
/etc/apache2/conf-enabled/serve-cgi-bin.conf
/etc/apache2/envvars
/etc/apache2/mods-enabled
/etc/apache2/mods-enabled/access_compat.load
/etc/apache2/mods-enabled/alias.conf
/etc/apache2/mods-enabled/alias.load
/etc/apache2/mods-enabled/auth_basic.load
/etc/apache2/mods-enabled/authn_core.load
/etc/apache2/mods-enabled/authn_file.load
/etc/apache2/mods-enabled/authz_core.load
/etc/apache2/mods-enabled/authz_host.load
/etc/apache2/mods-enabled/authz_user.load
/etc/apache2/mods-enabled/autoindex.conf
/etc/apache2/mods-enabled/autoindex.load
/etc/apache2/mods-enabled/deflate.conf
/etc/apache2/mods-enabled/deflate.load
/etc/apache2/mods-enabled/dir.conf
/etc/apache2/mods-enabled/dir.load
/etc/apache2/mods-enabled/env.load
/etc/apache2/mods-enabled/expires.load
/etc/apache2/mods-enabled/filter.load
/etc/apache2/mods-enabled/mime.conf
/etc/apache2/mods-enabled/mime.load
/etc/apache2/mods-enabled/mpm_prefork.conf
/etc/apache2/mods-enabled/mpm_prefork.load
/etc/apache2/mods-enabled/negotiation.conf
/etc/apache2/mods-enabled/negotiation.load
/etc/apache2/mods-enabled/php.load
/etc/apache2/mods-enabled/reqtimeout.conf
/etc/apache2/mods-enabled/reqtimeout.load
/etc/apache2/mods-enabled/rewrite.load
/etc/apache2/mods-enabled/setenvif.conf
/etc/apache2/mods-enabled/setenvif.load
/etc/apache2/mods-enabled/status.conf
/etc/apache2/mods-enabled/status.load
/etc/apache2/ports.conf
/etc/apache2/sites-enabled
/etc/apache2/sites-enabled/000-default.conf

/lib/x86_64-linux-gnu/libapr-1.so.0
/lib/x86_64-linux-gnu/libaprutil-1.so.0
/lib/x86_64-linux-gnu/libargon2.so.1
/lib/x86_64-linux-gnu/libbrotlicommon.so.1
/lib/x86_64-linux-gnu/libbrotlidec.so.1
/lib/x86_64-linux-gnu/libbz2.so.1.0
/lib/x86_64-linux-gnu/libc.so.6
/lib/x86_64-linux-gnu/libcom_err.so.2
/lib/x86_64-linux-gnu/libcrypt.so.1
/lib/x86_64-linux-gnu/libcrypto.so.3
/lib/x86_64-linux-gnu/libcurl.so.4
/lib/x86_64-linux-gnu/libexpat.so.1
/lib/x86_64-linux-gnu/libffi.so.8
/lib/x86_64-linux-gnu/libfreetype.so.6
/lib/x86_64-linux-gnu/libgcc_s.so.1
/lib/x86_64-linux-gnu/libgmp.so.10
/lib/x86_64-linux-gnu/libgnutls.so.30
/lib/x86_64-linux-gnu/libgssapi_krb5.so.2
/lib/x86_64-linux-gnu/libhogweed.so.6
/lib/x86_64-linux-gnu/libicudata.so.72
/lib/x86_64-linux-gnu/libicuuc.so.72
/lib/x86_64-linux-gnu/libidn2.so.0
/lib/x86_64-linux-gnu/libjpeg.so.62
/lib/x86_64-linux-gnu/libk5crypto.so.3
/lib/x86_64-linux-gnu/libkeyutils.so.1
/lib/x86_64-linux-gnu/libkrb5.so.3
/lib/x86_64-linux-gnu/libkrb5support.so.0
/lib/x86_64-linux-gnu/liblber-2.5.so.0
/lib/x86_64-linux-gnu/libldap-2.5.so.0
/lib/x86_64-linux-gnu/liblzma.so.5
/lib/x86_64-linux-gnu/libm.so.6
/lib/x86_64-linux-gnu/libnettle.so.8
/lib/x86_64-linux-gnu/libnghttp2.so.14
/lib/x86_64-linux-gnu/libonig.so.5
/lib/x86_64-linux-gnu/libp11-kit.so.0
/lib/x86_64-linux-gnu/libpcre2-8.so.0
/lib/x86_64-linux-gnu/libpng16.so.16
/lib/x86_64-linux-gnu/libpsl.so.5
/lib/x86_64-linux-gnu/libpthread.so.0
/lib/x86_64-linux-gnu/libreadline.so.8
/lib/x86_64-linux-gnu/libresolv.so.2
/lib/x86_64-linux-gnu/librtmp.so.1
/lib/x86_64-linux-gnu/libsasl2.so.2
/lib/x86_64-linux-gnu/libsodium.so.23
/lib/x86_64-linux-gnu/libsqlite3.so.0
/lib/x86_64-linux-gnu/libssh2.so.1
/lib/x86_64-linux-gnu/libssl.so.3
/lib/x86_64-linux-gnu/libstdc++.so.6
/lib/x86_64-linux-gnu/libtasn1.so.6
/lib/x86_64-linux-gnu/libtinfo.so.6
/lib/x86_64-linux-gnu/libunistring.so.2
/lib/x86_64-linux-gnu/libuuid.so.1
/lib/x86_64-linux-gnu/libwebp.so.7
/lib/x86_64-linux-gnu/libxml2.so.2
/lib/x86_64-linux-gnu/libz.so.1
/lib/x86_64-linux-gnu/libzip.so.4
/lib/x86_64-linux-gnu/libzstd.so.1

/usr/lib/apache2/modules/libphp.so
/usr/lib/apache2/modules/mod_access_compat.so
/usr/lib/apache2/modules/mod_alias.so
/usr/lib/apache2/modules/mod_auth_basic.so
/usr/lib/apache2/modules/mod_authn_core.so
/usr/lib/apache2/modules/mod_authn_file.so
/usr/lib/apache2/modules/mod_authz_core.so
/usr/lib/apache2/modules/mod_authz_host.so
/usr/lib/apache2/modules/mod_authz_user.so
/usr/lib/apache2/modules/mod_autoindex.so
/usr/lib/apache2/modules/mod_deflate.so
/usr/lib/apache2/modules/mod_dir.so
/usr/lib/apache2/modules/mod_env.so
/usr/lib/apache2/modules/mod_expires.so
/usr/lib/apache2/modules/mod_filter.so
/usr/lib/apache2/modules/mod_mime.so
/usr/lib/apache2/modules/mod_mpm_prefork.so
/usr/lib/apache2/modules/mod_negotiation.so
/usr/lib/apache2/modules/mod_reqtimeout.so
/usr/lib/apache2/modules/mod_rewrite.so
/usr/lib/apache2/modules/mod_setenvif.so
/usr/lib/apache2/modules/mod_status.so

/usr/lib/locale/C.UTF-8/LC_CTYPE
/usr/lib/locale/C.utf8/LC_CTYPE
/usr/lib/locale/locale-archive
/usr/lib/ssl/openssl.cnf

/usr/lib/x86_64-linux-gnu/gconv/gconv-modules.cache
/usr/lib/x86_64-linux-gnu/glibc-hwcaps/x86-64-v2/libpq.so.5
/usr/lib/x86_64-linux-gnu/glibc-hwcaps/x86-64-v3/libpq.so.5
/usr/lib/x86_64-linux-gnu/haswell/libpq.so.5
/usr/lib/x86_64-linux-gnu/haswell/x86_64/libpq.so.5
/usr/lib/x86_64-linux-gnu/libpq.so.5
/usr/lib/x86_64-linux-gnu/tls/haswell/libpq.so.5
/usr/lib/x86_64-linux-gnu/tls/haswell/x86_64/libpq.so.5
/usr/lib/x86_64-linux-gnu/tls/libpq.so.5
/usr/lib/x86_64-linux-gnu/tls/x86_64/libpq.so.5
/usr/lib/x86_64-linux-gnu/x86_64/libpq.so.5


/usr/local/etc/php/conf.d
/usr/local/etc/php/conf.d/docker-php-ext-gd.ini
/usr/local/etc/php/conf.d/docker-php-ext-opcache.ini
/usr/local/etc/php/conf.d/docker-php-ext-pdo_mysql.ini
/usr/local/etc/php/conf.d/docker-php-ext-pdo_pgsql.ini
/usr/local/etc/php/conf.d/docker-php-ext-sodium.ini
/usr/local/etc/php/conf.d/docker-php-ext-zip.ini
/usr/local/etc/php/conf.d/opcache-recommended.ini
/usr/local/etc/php/php-apache2handler.ini
/usr/local/etc/php/php.ini
/usr/local/lib/php/extensions/no-debug-non-zts-20220829/gd.so
/usr/local/lib/php/extensions/no-debug-non-zts-20220829/opcache.so
/usr/local/lib/php/extensions/no-debug-non-zts-20220829/pdo_mysql.so
/usr/local/lib/php/extensions/no-debug-non-zts-20220829/pdo_pgsql.so
/usr/local/lib/php/extensions/no-debug-non-zts-20220829/sodium
/usr/local/lib/php/extensions/no-debug-non-zts-20220829/sodium.so
/usr/local/lib/php/extensions/no-debug-non-zts-20220829/zip.so


/usr/share/locale/locale.alias



/var/log/apache2/access.log
/var/log/apache2/error.log
/var/log/apache2/other_vhosts_access.log
/var/run/apache2/apache2.pid
/var/run/apache2/apache2.pid.xlQ0cy
